TN:
SF:src/components/CustomEdge.tsx
FN:17,CustomEdge
FNF:1
FNH:1
FNDA:9,CustomEdge
DA:25,9
DA:27,9
DA:32,9
DA:33,9
DA:35,9
LF:5
LH:5
BRDA:21,0,0,9
BRDA:45,1,0,4
BRDA:45,1,1,5
BRDA:46,2,0,3
BRDA:46,2,1,6
BRDA:46,3,0,9
BRDA:46,3,1,4
BRDA:64,4,0,9
BRDA:64,4,1,4
BRDA:67,5,0,4
BRDA:67,5,1,2
BRDA:80,6,0,9
BRDA:80,6,1,1
BRDA:87,7,0,9
BRDA:87,7,1,4
BRDA:94,8,0,4
BRDA:94,8,1,2
BRF:17
BRH:17
end_of_record
TN:
SF:src/components/CustomNode.tsx
FN:18,effortBadgeClass
FN:25,CustomNode
FNF:2
FNH:2
FNDA:6,effortBadgeClass
FNDA:6,CustomNode
DA:19,6
DA:20,5
DA:21,4
DA:26,6
DA:28,6
LF:5
LH:5
BRDA:19,0,0,1
BRDA:19,0,1,5
BRDA:20,1,0,1
BRDA:20,1,1,4
BRDA:26,2,0,6
BRDA:26,2,1,0
BRF:6
BRH:5
end_of_record
